
> @actions/github@6.0.1 tsc
> tsc

src/context.ts(3,40): error TS2307: Cannot find module 'fs' or its corresponding type declarations.
src/context.ts(4,19): error TS2307: Cannot find module 'os' or its corresponding type declarations.
src/context.ts(31,9): error TS2580: Cannot find name 'process'. Do you need to install type definitions for node? Try `npm i --save-dev @types/node`.
src/context.ts(32,22): error TS2580: Cannot find name 'process'. Do you need to install type definitions for node? Try `npm i --save-dev @types/node`.
src/context.ts(34,24): error TS2580: Cannot find name 'process'. Do you need to install type definitions for node? Try `npm i --save-dev @types/node`.
src/context.ts(37,22): error TS2580: Cannot find name 'process'. Do you need to install type definitions for node? Try `npm i --save-dev @types/node`.
src/context.ts(38,9): error TS2580: Cannot find name 'process'. Do you need to install type definitions for node? Try `npm i --save-dev @types/node`.
src/context.ts(41,22): error TS2580: Cannot find name 'process'. Do you need to install type definitions for node? Try `npm i --save-dev @types/node`.
src/context.ts(42,16): error TS2580: Cannot find name 'process'. Do you need to install type definitions for node? Try `npm i --save-dev @types/node`.
src/context.ts(43,16): error TS2580: Cannot find name 'process'. Do you need to install type definitions for node? Try `npm i --save-dev @types/node`.
src/context.ts(44,21): error TS2580: Cannot find name 'process'. Do you need to install type definitions for node? Try `npm i --save-dev @types/node`.
src/context.ts(45,19): error TS2580: Cannot find name 'process'. Do you need to install type definitions for node? Try `npm i --save-dev @types/node`.
src/context.ts(46,18): error TS2580: Cannot find name 'process'. Do you need to install type definitions for node? Try `npm i --save-dev @types/node`.
src/context.ts(47,16): error TS2580: Cannot find name 'process'. Do you need to install type definitions for node? Try `npm i --save-dev @types/node`.
src/context.ts(48,32): error TS2580: Cannot find name 'process'. Do you need to install type definitions for node? Try `npm i --save-dev @types/node`.
src/context.ts(49,31): error TS2580: Cannot find name 'process'. Do you need to install type definitions for node? Try `npm i --save-dev @types/node`.
src/context.ts(50,27): error TS2580: Cannot find name 'process'. Do you need to install type definitions for node? Try `npm i --save-dev @types/node`.
src/context.ts(51,19): error TS2580: Cannot find name 'process'. Do you need to install type definitions for node? Try `npm i --save-dev @types/node`.
src/context.ts(52,22): error TS2580: Cannot find name 'process'. Do you need to install type definitions for node? Try `npm i --save-dev @types/node`.
src/context.ts(54,7): error TS2580: Cannot find name 'process'. Do you need to install type definitions for node? Try `npm i --save-dev @types/node`.
src/context.ts(67,9): error TS2580: Cannot find name 'process'. Do you need to install type definitions for node? Try `npm i --save-dev @types/node`.
src/context.ts(68,29): error TS2580: Cannot find name 'process'. Do you need to install type definitions for node? Try `npm i --save-dev @types/node`.
src/github.ts(5,45): error TS2307: Cannot find module '@octokit/core/dist-types/types' or its corresponding type declarations.
src/internal/utils.ts(1,23): error TS2307: Cannot find module 'http' or its corresponding type declarations.
src/internal/utils.ts(2,29): error TS2307: Cannot find module '@actions/http-client' or its corresponding type declarations.
src/internal/utils.ts(3,30): error TS2307: Cannot find module '@octokit/core/dist-types/types' or its corresponding type declarations.
src/internal/utils.ts(4,33): error TS2307: Cannot find module 'undici' or its corresponding type declarations.
src/internal/utils.ts(43,10): error TS2580: Cannot find name 'process'. Do you need to install type definitions for node? Try `npm i --save-dev @types/node`.
src/utils.ts(5,23): error TS2307: Cannot find module '@octokit/core' or its corresponding type declarations.
src/utils.ts(6,30): error TS2307: Cannot find module '@octokit/core/dist-types/types' or its corresponding type declarations.
src/utils.ts(7,35): error TS2307: Cannot find module '@octokit/plugin-rest-endpoint-methods' or its corresponding type declarations.
src/utils.ts(8,28): error TS2307: Cannot find module '@octokit/plugin-paginate-rest' or its corresponding type declarations.
